<?xml version="1.0" encoding="UTF-8"?>
<testsuite xmlns:xsi="http://www.w3.org/2001/XMLSchema-instance" xsi:noNamespaceSchemaLocation="https://maven.apache.org/surefire/maven-surefire-plugin/xsd/surefire-test-report.xsd" name="hello.HelloControllerTest" time="6.173" tests="1" errors="0" skipped="0" failures="0">
  <properties>
    <property name="sun.desktop" value="windows"/>
    <property name="awt.toolkit" value="sun.awt.windows.WToolkit"/>
    <property name="file.encoding.pkg" value="sun.io"/>
    <property name="java.specification.version" value="1.8"/>
    <property name="sun.cpu.isalist" value="amd64"/>
    <property name="sun.jnu.encoding" value="Cp1252"/>
    <property name="java.class.path" value="C:\Users\sshekha4\Downloads\Java-CICD-Playground\Java-CICD-Playground\target\test-classes;C:\Users\sshekha4\Downloads\Java-CICD-Playground\Java-CICD-Playground\target\classes;C:\sudhanshu\softwares_used\maven-repository\org\springframework\boot\spring-boot-starter-web\2.1.6.RELEASE\spring-boot-starter-web-2.1.6.RELEASE.jar;C:\sudhanshu\softwares_used\maven-repository\org\springframework\boot\spring-boot-starter\2.1.6.RELEASE\spring-boot-starter-2.1.6.RELEASE.jar;C:\sudhanshu\softwares_used\maven-repository\org\springframework\boot\spring-boot\2.1.6.RELEASE\spring-boot-2.1.6.RELEASE.jar;C:\sudhanshu\softwares_used\maven-repository\org\springframework\boot\spring-boot-autoconfigure\2.1.6.RELEASE\spring-boot-autoconfigure-2.1.6.RELEASE.jar;C:\sudhanshu\softwares_used\maven-repository\org\springframework\boot\spring-boot-starter-logging\2.1.6.RELEASE\spring-boot-starter-logging-2.1.6.RELEASE.jar;C:\sudhanshu\softwares_used\maven-repository\org\apache\logging\log4j\log4j-to-slf4j\2.11.2\log4j-to-slf4j-2.11.2.jar;C:\sudhanshu\softwares_used\maven-repository\org\apache\logging\log4j\log4j-api\2.11.2\log4j-api-2.11.2.jar;C:\sudhanshu\softwares_used\maven-repository\org\slf4j\jul-to-slf4j\1.7.26\jul-to-slf4j-1.7.26.jar;C:\sudhanshu\softwares_used\maven-repository\javax\annotation\javax.annotation-api\1.3.2\javax.annotation-api-1.3.2.jar;C:\sudhanshu\softwares_used\maven-repository\org\yaml\snakeyaml\1.23\snakeyaml-1.23.jar;C:\sudhanshu\softwares_used\maven-repository\org\springframework\boot\spring-boot-starter-json\2.1.6.RELEASE\spring-boot-starter-json-2.1.6.RELEASE.jar;C:\sudhanshu\softwares_used\maven-repository\com\fasterxml\jackson\core\jackson-databind\2.9.9\jackson-databind-2.9.9.jar;C:\sudhanshu\softwares_used\maven-repository\com\fasterxml\jackson\core\jackson-annotations\2.9.0\jackson-annotations-2.9.0.jar;C:\sudhanshu\softwares_used\maven-repository\com\fasterxml\jackson\core\jackson-core\2.9.9\jackson-core-2.9.9.jar;C:\sudhanshu\softwares_used\maven-repository\com\fasterxml\jackson\datatype\jackson-datatype-jdk8\2.9.9\jackson-datatype-jdk8-2.9.9.jar;C:\sudhanshu\softwares_used\maven-repository\com\fasterxml\jackson\datatype\jackson-datatype-jsr310\2.9.9\jackson-datatype-jsr310-2.9.9.jar;C:\sudhanshu\softwares_used\maven-repository\com\fasterxml\jackson\module\jackson-module-parameter-names\2.9.9\jackson-module-parameter-names-2.9.9.jar;C:\sudhanshu\softwares_used\maven-repository\org\springframework\boot\spring-boot-starter-tomcat\2.1.6.RELEASE\spring-boot-starter-tomcat-2.1.6.RELEASE.jar;C:\sudhanshu\softwares_used\maven-repository\org\apache\tomcat\embed\tomcat-embed-core\9.0.21\tomcat-embed-core-9.0.21.jar;C:\sudhanshu\softwares_used\maven-repository\org\apache\tomcat\embed\tomcat-embed-el\9.0.21\tomcat-embed-el-9.0.21.jar;C:\sudhanshu\softwares_used\maven-repository\org\apache\tomcat\embed\tomcat-embed-websocket\9.0.21\tomcat-embed-websocket-9.0.21.jar;C:\sudhanshu\softwares_used\maven-repository\org\hibernate\validator\hibernate-validator\6.0.17.Final\hibernate-validator-6.0.17.Final.jar;C:\sudhanshu\softwares_used\maven-repository\javax\validation\validation-api\2.0.1.Final\validation-api-2.0.1.Final.jar;C:\sudhanshu\softwares_used\maven-repository\org\jboss\logging\jboss-logging\3.3.2.Final\jboss-logging-3.3.2.Final.jar;C:\sudhanshu\softwares_used\maven-repository\com\fasterxml\classmate\1.4.0\classmate-1.4.0.jar;C:\sudhanshu\softwares_used\maven-repository\org\springframework\spring-web\5.1.8.RELEASE\spring-web-5.1.8.RELEASE.jar;C:\sudhanshu\softwares_used\maven-repository\org\springframework\spring-beans\5.1.8.RELEASE\spring-beans-5.1.8.RELEASE.jar;C:\sudhanshu\softwares_used\maven-repository\org\springframework\spring-webmvc\5.1.8.RELEASE\spring-webmvc-5.1.8.RELEASE.jar;C:\sudhanshu\softwares_used\maven-repository\org\springframework\spring-aop\5.1.8.RELEASE\spring-aop-5.1.8.RELEASE.jar;C:\sudhanshu\softwares_used\maven-repository\org\springframework\spring-context\5.1.8.RELEASE\spring-context-5.1.8.RELEASE.jar;C:\sudhanshu\softwares_used\maven-repository\org\springframework\spring-expression\5.1.8.RELEASE\spring-expression-5.1.8.RELEASE.jar;C:\sudhanshu\softwares_used\maven-repository\org\springframework\boot\spring-boot-starter-actuator\2.1.6.RELEASE\spring-boot-starter-actuator-2.1.6.RELEASE.jar;C:\sudhanshu\softwares_used\maven-repository\org\springframework\boot\spring-boot-actuator-autoconfigure\2.1.6.RELEASE\spring-boot-actuator-autoconfigure-2.1.6.RELEASE.jar;C:\sudhanshu\softwares_used\maven-repository\org\springframework\boot\spring-boot-actuator\2.1.6.RELEASE\spring-boot-actuator-2.1.6.RELEASE.jar;C:\sudhanshu\softwares_used\maven-repository\io\micrometer\micrometer-core\1.1.5\micrometer-core-1.1.5.jar;C:\sudhanshu\softwares_used\maven-repository\org\hdrhistogram\HdrHistogram\2.1.9\HdrHistogram-2.1.9.jar;C:\sudhanshu\softwares_used\maven-repository\org\latencyutils\LatencyUtils\2.0.3\LatencyUtils-2.0.3.jar;C:\sudhanshu\softwares_used\maven-repository\org\springframework\boot\spring-boot-starter-test\2.1.6.RELEASE\spring-boot-starter-test-2.1.6.RELEASE.jar;C:\sudhanshu\softwares_used\maven-repository\org\springframework\boot\spring-boot-test\2.1.6.RELEASE\spring-boot-test-2.1.6.RELEASE.jar;C:\sudhanshu\softwares_used\maven-repository\org\springframework\boot\spring-boot-test-autoconfigure\2.1.6.RELEASE\spring-boot-test-autoconfigure-2.1.6.RELEASE.jar;C:\sudhanshu\softwares_used\maven-repository\com\jayway\jsonpath\json-path\2.4.0\json-path-2.4.0.jar;C:\sudhanshu\softwares_used\maven-repository\net\minidev\json-smart\2.3\json-smart-2.3.jar;C:\sudhanshu\softwares_used\maven-repository\net\minidev\accessors-smart\1.2\accessors-smart-1.2.jar;C:\sudhanshu\softwares_used\maven-repository\org\ow2\asm\asm\5.0.4\asm-5.0.4.jar;C:\sudhanshu\softwares_used\maven-repository\junit\junit\4.12\junit-4.12.jar;C:\sudhanshu\softwares_used\maven-repository\org\assertj\assertj-core\3.11.1\assertj-core-3.11.1.jar;C:\sudhanshu\softwares_used\maven-repository\org\mockito\mockito-core\2.23.4\mockito-core-2.23.4.jar;C:\sudhanshu\softwares_used\maven-repository\net\bytebuddy\byte-buddy\1.9.13\byte-buddy-1.9.13.jar;C:\sudhanshu\softwares_used\maven-repository\net\bytebuddy\byte-buddy-agent\1.9.13\byte-buddy-agent-1.9.13.jar;C:\sudhanshu\softwares_used\maven-repository\org\objenesis\objenesis\2.6\objenesis-2.6.jar;C:\sudhanshu\softwares_used\maven-repository\org\hamcrest\hamcrest-core\1.3\hamcrest-core-1.3.jar;C:\sudhanshu\softwares_used\maven-repository\org\hamcrest\hamcrest-library\1.3\hamcrest-library-1.3.jar;C:\sudhanshu\softwares_used\maven-repository\org\skyscreamer\jsonassert\1.5.0\jsonassert-1.5.0.jar;C:\sudhanshu\softwares_used\maven-repository\com\vaadin\external\google\android-json\0.0.20131108.vaadin1\android-json-0.0.20131108.vaadin1.jar;C:\sudhanshu\softwares_used\maven-repository\org\springframework\spring-core\5.1.8.RELEASE\spring-core-5.1.8.RELEASE.jar;C:\sudhanshu\softwares_used\maven-repository\org\springframework\spring-jcl\5.1.8.RELEASE\spring-jcl-5.1.8.RELEASE.jar;C:\sudhanshu\softwares_used\maven-repository\org\springframework\spring-test\5.1.8.RELEASE\spring-test-5.1.8.RELEASE.jar;C:\sudhanshu\softwares_used\maven-repository\org\xmlunit\xmlunit-core\2.6.2\xmlunit-core-2.6.2.jar;C:\sudhanshu\softwares_used\maven-repository\ch\qos\logback\logback-classic\1.1.11\logback-classic-1.1.11.jar;C:\sudhanshu\softwares_used\maven-repository\ch\qos\logback\logback-core\1.2.3\logback-core-1.2.3.jar;C:\sudhanshu\softwares_used\maven-repository\org\slf4j\slf4j-api\1.7.26\slf4j-api-1.7.26.jar;"/>
    <property name="java.vm.vendor" value="Oracle Corporation"/>
    <property name="sun.arch.data.model" value="64"/>
    <property name="user.variant" value=""/>
    <property name="java.vendor.url" value="http://java.oracle.com/"/>
    <property name="user.timezone" value="America/Los_Angeles"/>
    <property name="java.vm.specification.version" value="1.8"/>
    <property name="os.name" value="Windows 10"/>
    <property name="user.country" value="US"/>
    <property name="sun.java.launcher" value="SUN_STANDARD"/>
    <property name="sun.boot.library.path" value="C:\Program Files\Java\jdk1.8.0_144\jre\bin"/>
    <property name="sun.java.command" value="C:\Users\sshekha4\AppData\Local\Temp\surefire5306588618378257338\surefirebooter8789571093043022134.jar C:\Users\sshekha4\AppData\Local\Temp\surefire5306588618378257338 2019-09-13T15-38-03_636-jvmRun1 surefire8077683304764667942tmp surefire_01248003229990318005tmp"/>
    <property name="surefire.test.class.path" value="C:\Users\sshekha4\Downloads\Java-CICD-Playground\Java-CICD-Playground\target\test-classes;C:\Users\sshekha4\Downloads\Java-CICD-Playground\Java-CICD-Playground\target\classes;C:\sudhanshu\softwares_used\maven-repository\org\springframework\boot\spring-boot-starter-web\2.1.6.RELEASE\spring-boot-starter-web-2.1.6.RELEASE.jar;C:\sudhanshu\softwares_used\maven-repository\org\springframework\boot\spring-boot-starter\2.1.6.RELEASE\spring-boot-starter-2.1.6.RELEASE.jar;C:\sudhanshu\softwares_used\maven-repository\org\springframework\boot\spring-boot\2.1.6.RELEASE\spring-boot-2.1.6.RELEASE.jar;C:\sudhanshu\softwares_used\maven-repository\org\springframework\boot\spring-boot-autoconfigure\2.1.6.RELEASE\spring-boot-autoconfigure-2.1.6.RELEASE.jar;C:\sudhanshu\softwares_used\maven-repository\org\springframework\boot\spring-boot-starter-logging\2.1.6.RELEASE\spring-boot-starter-logging-2.1.6.RELEASE.jar;C:\sudhanshu\softwares_used\maven-repository\org\apache\logging\log4j\log4j-to-slf4j\2.11.2\log4j-to-slf4j-2.11.2.jar;C:\sudhanshu\softwares_used\maven-repository\org\apache\logging\log4j\log4j-api\2.11.2\log4j-api-2.11.2.jar;C:\sudhanshu\softwares_used\maven-repository\org\slf4j\jul-to-slf4j\1.7.26\jul-to-slf4j-1.7.26.jar;C:\sudhanshu\softwares_used\maven-repository\javax\annotation\javax.annotation-api\1.3.2\javax.annotation-api-1.3.2.jar;C:\sudhanshu\softwares_used\maven-repository\org\yaml\snakeyaml\1.23\snakeyaml-1.23.jar;C:\sudhanshu\softwares_used\maven-repository\org\springframework\boot\spring-boot-starter-json\2.1.6.RELEASE\spring-boot-starter-json-2.1.6.RELEASE.jar;C:\sudhanshu\softwares_used\maven-repository\com\fasterxml\jackson\core\jackson-databind\2.9.9\jackson-databind-2.9.9.jar;C:\sudhanshu\softwares_used\maven-repository\com\fasterxml\jackson\core\jackson-annotations\2.9.0\jackson-annotations-2.9.0.jar;C:\sudhanshu\softwares_used\maven-repository\com\fasterxml\jackson\core\jackson-core\2.9.9\jackson-core-2.9.9.jar;C:\sudhanshu\softwares_used\maven-repository\com\fasterxml\jackson\datatype\jackson-datatype-jdk8\2.9.9\jackson-datatype-jdk8-2.9.9.jar;C:\sudhanshu\softwares_used\maven-repository\com\fasterxml\jackson\datatype\jackson-datatype-jsr310\2.9.9\jackson-datatype-jsr310-2.9.9.jar;C:\sudhanshu\softwares_used\maven-repository\com\fasterxml\jackson\module\jackson-module-parameter-names\2.9.9\jackson-module-parameter-names-2.9.9.jar;C:\sudhanshu\softwares_used\maven-repository\org\springframework\boot\spring-boot-starter-tomcat\2.1.6.RELEASE\spring-boot-starter-tomcat-2.1.6.RELEASE.jar;C:\sudhanshu\softwares_used\maven-repository\org\apache\tomcat\embed\tomcat-embed-core\9.0.21\tomcat-embed-core-9.0.21.jar;C:\sudhanshu\softwares_used\maven-repository\org\apache\tomcat\embed\tomcat-embed-el\9.0.21\tomcat-embed-el-9.0.21.jar;C:\sudhanshu\softwares_used\maven-repository\org\apache\tomcat\embed\tomcat-embed-websocket\9.0.21\tomcat-embed-websocket-9.0.21.jar;C:\sudhanshu\softwares_used\maven-repository\org\hibernate\validator\hibernate-validator\6.0.17.Final\hibernate-validator-6.0.17.Final.jar;C:\sudhanshu\softwares_used\maven-repository\javax\validation\validation-api\2.0.1.Final\validation-api-2.0.1.Final.jar;C:\sudhanshu\softwares_used\maven-repository\org\jboss\logging\jboss-logging\3.3.2.Final\jboss-logging-3.3.2.Final.jar;C:\sudhanshu\softwares_used\maven-repository\com\fasterxml\classmate\1.4.0\classmate-1.4.0.jar;C:\sudhanshu\softwares_used\maven-repository\org\springframework\spring-web\5.1.8.RELEASE\spring-web-5.1.8.RELEASE.jar;C:\sudhanshu\softwares_used\maven-repository\org\springframework\spring-beans\5.1.8.RELEASE\spring-beans-5.1.8.RELEASE.jar;C:\sudhanshu\softwares_used\maven-repository\org\springframework\spring-webmvc\5.1.8.RELEASE\spring-webmvc-5.1.8.RELEASE.jar;C:\sudhanshu\softwares_used\maven-repository\org\springframework\spring-aop\5.1.8.RELEASE\spring-aop-5.1.8.RELEASE.jar;C:\sudhanshu\softwares_used\maven-repository\org\springframework\spring-context\5.1.8.RELEASE\spring-context-5.1.8.RELEASE.jar;C:\sudhanshu\softwares_used\maven-repository\org\springframework\spring-expression\5.1.8.RELEASE\spring-expression-5.1.8.RELEASE.jar;C:\sudhanshu\softwares_used\maven-repository\org\springframework\boot\spring-boot-starter-actuator\2.1.6.RELEASE\spring-boot-starter-actuator-2.1.6.RELEASE.jar;C:\sudhanshu\softwares_used\maven-repository\org\springframework\boot\spring-boot-actuator-autoconfigure\2.1.6.RELEASE\spring-boot-actuator-autoconfigure-2.1.6.RELEASE.jar;C:\sudhanshu\softwares_used\maven-repository\org\springframework\boot\spring-boot-actuator\2.1.6.RELEASE\spring-boot-actuator-2.1.6.RELEASE.jar;C:\sudhanshu\softwares_used\maven-repository\io\micrometer\micrometer-core\1.1.5\micrometer-core-1.1.5.jar;C:\sudhanshu\softwares_used\maven-repository\org\hdrhistogram\HdrHistogram\2.1.9\HdrHistogram-2.1.9.jar;C:\sudhanshu\softwares_used\maven-repository\org\latencyutils\LatencyUtils\2.0.3\LatencyUtils-2.0.3.jar;C:\sudhanshu\softwares_used\maven-repository\org\springframework\boot\spring-boot-starter-test\2.1.6.RELEASE\spring-boot-starter-test-2.1.6.RELEASE.jar;C:\sudhanshu\softwares_used\maven-repository\org\springframework\boot\spring-boot-test\2.1.6.RELEASE\spring-boot-test-2.1.6.RELEASE.jar;C:\sudhanshu\softwares_used\maven-repository\org\springframework\boot\spring-boot-test-autoconfigure\2.1.6.RELEASE\spring-boot-test-autoconfigure-2.1.6.RELEASE.jar;C:\sudhanshu\softwares_used\maven-repository\com\jayway\jsonpath\json-path\2.4.0\json-path-2.4.0.jar;C:\sudhanshu\softwares_used\maven-repository\net\minidev\json-smart\2.3\json-smart-2.3.jar;C:\sudhanshu\softwares_used\maven-repository\net\minidev\accessors-smart\1.2\accessors-smart-1.2.jar;C:\sudhanshu\softwares_used\maven-repository\org\ow2\asm\asm\5.0.4\asm-5.0.4.jar;C:\sudhanshu\softwares_used\maven-repository\junit\junit\4.12\junit-4.12.jar;C:\sudhanshu\softwares_used\maven-repository\org\assertj\assertj-core\3.11.1\assertj-core-3.11.1.jar;C:\sudhanshu\softwares_used\maven-repository\org\mockito\mockito-core\2.23.4\mockito-core-2.23.4.jar;C:\sudhanshu\softwares_used\maven-repository\net\bytebuddy\byte-buddy\1.9.13\byte-buddy-1.9.13.jar;C:\sudhanshu\softwares_used\maven-repository\net\bytebuddy\byte-buddy-agent\1.9.13\byte-buddy-agent-1.9.13.jar;C:\sudhanshu\softwares_used\maven-repository\org\objenesis\objenesis\2.6\objenesis-2.6.jar;C:\sudhanshu\softwares_used\maven-repository\org\hamcrest\hamcrest-core\1.3\hamcrest-core-1.3.jar;C:\sudhanshu\softwares_used\maven-repository\org\hamcrest\hamcrest-library\1.3\hamcrest-library-1.3.jar;C:\sudhanshu\softwares_used\maven-repository\org\skyscreamer\jsonassert\1.5.0\jsonassert-1.5.0.jar;C:\sudhanshu\softwares_used\maven-repository\com\vaadin\external\google\android-json\0.0.20131108.vaadin1\android-json-0.0.20131108.vaadin1.jar;C:\sudhanshu\softwares_used\maven-repository\org\springframework\spring-core\5.1.8.RELEASE\spring-core-5.1.8.RELEASE.jar;C:\sudhanshu\softwares_used\maven-repository\org\springframework\spring-jcl\5.1.8.RELEASE\spring-jcl-5.1.8.RELEASE.jar;C:\sudhanshu\softwares_used\maven-repository\org\springframework\spring-test\5.1.8.RELEASE\spring-test-5.1.8.RELEASE.jar;C:\sudhanshu\softwares_used\maven-repository\org\xmlunit\xmlunit-core\2.6.2\xmlunit-core-2.6.2.jar;C:\sudhanshu\softwares_used\maven-repository\ch\qos\logback\logback-classic\1.1.11\logback-classic-1.1.11.jar;C:\sudhanshu\softwares_used\maven-repository\ch\qos\logback\logback-core\1.2.3\logback-core-1.2.3.jar;C:\sudhanshu\softwares_used\maven-repository\org\slf4j\slf4j-api\1.7.26\slf4j-api-1.7.26.jar;"/>
    <property name="sun.cpu.endian" value="little"/>
    <property name="user.home" value="C:\Users\sshekha4"/>
    <property name="user.language" value="en"/>
    <property name="java.specification.vendor" value="Oracle Corporation"/>
    <property name="java.home" value="C:\Program Files\Java\jdk1.8.0_144\jre"/>
    <property name="basedir" value="C:\Users\sshekha4\Downloads\Java-CICD-Playground\Java-CICD-Playground"/>
    <property name="file.separator" value="\"/>
    <property name="line.separator" value="&#10;"/>
    <property name="java.vm.specification.vendor" value="Oracle Corporation"/>
    <property name="java.specification.name" value="Java Platform API Specification"/>
    <property name="java.awt.graphicsenv" value="sun.awt.Win32GraphicsEnvironment"/>
    <property name="surefire.real.class.path" value="C:\Users\sshekha4\AppData\Local\Temp\surefire5306588618378257338\surefirebooter8789571093043022134.jar"/>
    <property name="sun.boot.class.path" value="C:\Program Files\Java\jdk1.8.0_144\jre\lib\resources.jar;C:\Program Files\Java\jdk1.8.0_144\jre\lib\rt.jar;C:\Program Files\Java\jdk1.8.0_144\jre\lib\sunrsasign.jar;C:\Program Files\Java\jdk1.8.0_144\jre\lib\jsse.jar;C:\Program Files\Java\jdk1.8.0_144\jre\lib\jce.jar;C:\Program Files\Java\jdk1.8.0_144\jre\lib\charsets.jar;C:\Program Files\Java\jdk1.8.0_144\jre\lib\jfr.jar;C:\Program Files\Java\jdk1.8.0_144\jre\classes"/>
    <property name="user.script" value=""/>
    <property name="sun.management.compiler" value="HotSpot 64-Bit Tiered Compilers"/>
    <property name="java.runtime.version" value="1.8.0_144-b01"/>
    <property name="user.name" value="SShekha4"/>
    <property name="path.separator" value=";"/>
    <property name="os.version" value="10.0"/>
    <property name="java.endorsed.dirs" value="C:\Program Files\Java\jdk1.8.0_144\jre\lib\endorsed"/>
    <property name="java.runtime.name" value="Java(TM) SE Runtime Environment"/>
    <property name="file.encoding" value="Cp1252"/>
    <property name="java.vm.name" value="Java HotSpot(TM) 64-Bit Server VM"/>
    <property name="localRepository" value="C:\sudhanshu\softwares_used\maven-repository"/>
    <property name="java.vendor.url.bug" value="http://bugreport.sun.com/bugreport/"/>
    <property name="java.io.tmpdir" value="C:\Users\sshekha4\AppData\Local\Temp\"/>
    <property name="java.version" value="1.8.0_144"/>
    <property name="user.dir" value="C:\Users\sshekha4\Downloads\Java-CICD-Playground\Java-CICD-Playground"/>
    <property name="os.arch" value="amd64"/>
    <property name="java.vm.specification.name" value="Java Virtual Machine Specification"/>
    <property name="java.awt.printerjob" value="sun.awt.windows.WPrinterJob"/>
    <property name="sun.os.patch.level" value=""/>
    <property name="java.library.path" value="C:\Program Files\Java\jdk1.8.0_144\jre\bin;C:\WINDOWS\Sun\Java\bin;C:\WINDOWS\system32;C:\WINDOWS;C:/Program Files/Java/jre1.8.0_144/bin/server;C:/Program Files/Java/jre1.8.0_144/bin;C:/Program Files/Java/jre1.8.0_144/lib/amd64;C:\Program Files\HPE_Security\Fortify_SCA_and_Apps_17.20\bin;C:\ProgramData\Oracle\Java\javapath;C:\WINDOWS\system32;C:\WINDOWS;C:\WINDOWS\System32\Wbem;C:\WINDOWS\System32\WindowsPowerShell\v1.0\;C:\Program Files (x86)\WebEx\Productivity Tools;C:\Program Files\Intel\WiFi\bin\;C:\Program Files\Common Files\Intel\WirelessCommon\;C:\Program Files (x86)\Symantec\VIP Access Client\;C:\Program Files\Cloud Foundry;C:\sudhanshu\softwares_used\apache-maven-3.2.5\apache-maven-3.2.5\bin;C:\Program Files\Git\bin;C:\Program Files (x86)\Skype\Phone\;C:\Program Files\nodejs\;C:\HashiCorp\Vagrant\bin;%JAVA_HOME%\bin;C:\Program Files (x86)\Webex\Webex\Applications;C:\WINDOWS\System32\OpenSSH\;C:\Program Files\Amazon\AWSCLI\bin\;C:\Users\sshekha4\AppData\Local\Programs\Python\Python36-32\Scripts\;C:\Users\sshekha4\AppData\Local\Programs\Python\Python36-32\;C:\Users\sshekha4\AppData\Local\Microsoft\WindowsApps;C:\Program Files\Heroku\bin;C:\Users\sshekha4\AppData\Roaming\npm;C:\Users\sshekha4\AppData\Local\Programs\Microsoft VS Code\bin;C:\sudhanshu\plantuml;;C:\sudhanshu\softwares_used\eclipse-jee-oxygen-1a-RC1-win32-x86_64\eclipse;;."/>
    <property name="java.vm.info" value="mixed mode"/>
    <property name="java.vendor" value="Oracle Corporation"/>
    <property name="java.vm.version" value="25.144-b01"/>
    <property name="java.ext.dirs" value="C:\Program Files\Java\jdk1.8.0_144\jre\lib\ext;C:\WINDOWS\Sun\Java\lib\ext"/>
    <property name="sun.io.unicode.encoding" value="UnicodeLittle"/>
    <property name="java.class.version" value="52.0"/>
  </properties>
  <testcase name="getHello" classname="hello.HelloControllerTest" time="0.373"/>
</testsuite>